<?xml version="1.0" encoding="UTF-8"?>
<!-- Generated by org.testng.reporters.JUnitReportReporter -->
<testsuite skipped="0" hostname="priya-PC" name="testNGFeatures.InvocationCountTest" tests="10" failures="0" timestamp="18 Jan 2018 16:31:11 GMT" time="4.263" errors="0">
  <testcase name="sum" time="0.107" classname="testNGFeatures.InvocationCountTest"/>
  <testcase name="sum" time="0.496" classname="testNGFeatures.InvocationCountTest"/>
  <testcase name="sum" time="0.042" classname="testNGFeatures.InvocationCountTest"/>
  <testcase name="sum" time="0.812" classname="testNGFeatures.InvocationCountTest"/>
  <testcase name="sum" time="1.130" classname="testNGFeatures.InvocationCountTest"/>
  <testcase name="sum" time="0.881" classname="testNGFeatures.InvocationCountTest"/>
  <testcase name="sum" time="0.158" classname="testNGFeatures.InvocationCountTest"/>
  <testcase name="sum" time="0.056" classname="testNGFeatures.InvocationCountTest"/>
  <testcase name="sum" time="0.440" classname="testNGFeatures.InvocationCountTest"/>
  <testcase name="sum" time="0.141" classname="testNGFeatures.InvocationCountTest"/>
</testsuite> <!-- testNGFeatures.InvocationCountTest -->
