<?xml version="1.0" encoding="UTF-8"?>
<!-- Generated by org.testng.reporters.JUnitReportReporter -->
<testsuite skipped="0" hostname="priya-PC" name="parametersInTestNG.ParametersInTestNG" tests="1" failures="0" timestamp="18 Jan 2018 16:31:10 GMT" time="45.533" errors="0">
  <testcase name="login" time="45.533" classname="parametersInTestNG.ParametersInTestNG"/>
</testsuite> <!-- parametersInTestNG.ParametersInTestNG -->
