<?xml version="1.0" encoding="UTF-8"?>
<!-- Generated by org.testng.reporters.JUnitReportReporter -->
<testsuite skipped="0" hostname="priya-PC" name="testNGFeatures.TestNGFeatures" tests="3" failures="0" timestamp="18 Jan 2018 16:31:11 GMT" time="2.040" errors="0">
  <testcase name="search" time="1.430" classname="testNGFeatures.TestNGFeatures"/>
  <testcase name="login" time="0.500" classname="testNGFeatures.TestNGFeatures"/>
  <testcase name="home" time="0.110" classname="testNGFeatures.TestNGFeatures"/>
</testsuite> <!-- testNGFeatures.TestNGFeatures -->
