<?xml version="1.0" encoding="UTF-8"?>
<!-- Generated by org.testng.reporters.JUnitReportReporter -->
<testsuite skipped="0" hostname="priya-PC" name="testNGFeatures.TestValidation" tests="2" failures="0" timestamp="18 Jan 2018 16:31:11 GMT" time="67.947" errors="0">
  <testcase name="googleLogo" time="43.398" classname="testNGFeatures.TestValidation"/>
  <testcase name="googleTitle" time="24.549" classname="testNGFeatures.TestValidation"/>
</testsuite> <!-- testNGFeatures.TestValidation -->
