<?xml version="1.0" encoding="UTF-8"?>
<!-- Generated by org.testng.reporters.JUnitReportReporter -->
<testsuite skipped="0" hostname="priya-PC" name="testNGBasics.GoogleTest" tests="3" failures="0" timestamp="11 Jan 2018 17:16:29 GMT" time="61.092" errors="0">
  <testcase name="googleTitleTest" time="18.676" classname="testNGBasics.GoogleTest"/>
  <testcase name="mailLinkTest" time="20.208" classname="testNGBasics.GoogleTest"/>
  <testcase name="logoTest" time="22.208" classname="testNGBasics.GoogleTest"/>
</testsuite> <!-- testNGBasics.GoogleTest -->
