<?xml version="1.0" encoding="UTF-8"?>
<!-- Generated by org.testng.reporters.JUnitReportReporter -->
<testsuite skipped="0" hostname="priya-PC" name="testNGFeatures.ExecutingTestUsingXML" tests="3" failures="0" timestamp="18 Jan 2018 16:31:10 GMT" time="311.549" errors="0">
  <testcase name="googleLogo" time="55.431" classname="testNGFeatures.ExecutingTestUsingXML"/>
  <testcase name="print" time="109.345" classname="testNGFeatures.ExecutingTestUsingXML"/>
  <testcase name="googleTitle" time="146.773" classname="testNGFeatures.ExecutingTestUsingXML"/>
</testsuite> <!-- testNGFeatures.ExecutingTestUsingXML -->
