<?xml version="1.0" encoding="UTF-8"?>
<!-- Generated by org.testng.reporters.JUnitReportReporter -->
<testsuite skipped="0" hostname="priya-PC" name="testNGBasics.TestNGBasics" tests="2" failures="0" timestamp="11 Jan 2018 16:56:18 GMT" time="0.038" errors="0">
  <testcase name="test2" time="0.013" classname="testNGBasics.TestNGBasics"/>
  <testcase name="googleTitleTest" time="0.025" classname="testNGBasics.TestNGBasics"/>
</testsuite> <!-- testNGBasics.TestNGBasics -->
