<?xml version="1.0" encoding="UTF-8"?>
<!-- Generated by org.testng.reporters.JUnitReportReporter -->
<testsuite skipped="0" hostname="priya-PC" name="testDataProvider.TestDataProviderTestNG" tests="5" failures="0" timestamp="11 Jan 2018 16:16:16 GMT" time="0.035" errors="0">
  <testcase name="testLogin" time="0.003" classname="testDataProvider.TestDataProviderTestNG"/>
  <testcase name="testLogin" time="0.005" classname="testDataProvider.TestDataProviderTestNG"/>
  <testcase name="testLogin" time="0.003" classname="testDataProvider.TestDataProviderTestNG"/>
  <testcase name="testLogin" time="0.022" classname="testDataProvider.TestDataProviderTestNG"/>
  <testcase name="testLogin" time="0.002" classname="testDataProvider.TestDataProviderTestNG"/>
</testsuite> <!-- testDataProvider.TestDataProviderTestNG -->
